<?xml version='1.0' encoding='UTF-8'?>
<testsuite hostname="MHAMILTON-DT" name="example.ListsSuite" tests="14" errors="0" failures="0" time="0.023">
                     <properties>
[...]
</properties>
                     <testcase classname="example.ListsSuite" name="one plus one is two" time="0.012">
                                                 
                                               </testcase><testcase classname="example.ListsSuite" name="one plus one is three?" time="0.0">
                                                 
                                               </testcase><testcase classname="example.ListsSuite" name="details why one plus one is not three" time="0.0040">
                                                 
                                               </testcase><testcase classname="example.ListsSuite" name="intNotZero throws an exception if its argument is 0" time="0.0010">
                                                 
                                               </testcase><testcase classname="example.ListsSuite" name="sum of a few numbers" time="0.0010">
                                                 
                                               </testcase><testcase classname="example.ListsSuite" name="sum should throw a NoSuchElementException when list argument is empty" time="0.0010">
                                                 
                                               </testcase><testcase classname="example.ListsSuite" name="sum should be positive when larger positive number is added to smaller negative number" time="0.0010">
                                                 
                                               </testcase><testcase classname="example.ListsSuite" name="sum should be positive when larger negative number is added to smaller positive number" time="0.0">
                                                 
                                               </testcase><testcase classname="example.ListsSuite" name="sum should be zero when multiple zeroes are in list" time="0.0010">
                                                 
                                               </testcase><testcase classname="example.ListsSuite" name="max of a few numbers" time="0.0">
                                                 
                                               </testcase><testcase classname="example.ListsSuite" name="max of zero is zero" time="0.0">
                                                 
                                               </testcase><testcase classname="example.ListsSuite" name="max of negative numbers is largest negative number" time="0.0010">
                                                 
                                               </testcase><testcase classname="example.ListsSuite" name="max of negative and positive numbers is largest positive number" time="0.0">
                                                 
                                               </testcase><testcase classname="example.ListsSuite" name="max of empty list throws NoSuchElementException" time="0.0010">
                                                 
                                               </testcase>
                     <system-out></system-out>
                     <system-err></system-err>
                   </testsuite>